<?xml version="1.0" encoding="UTF-8"?>
<!-- Generated by org.testng.reporters.JUnitReportReporter -->
<testsuite hostname="DESKTOP-E4LRTH1" failures="0" tests="1" name="TC001_GET_Request" time="2.038" errors="0" timestamp="18 Jul 2019 21:41:34 GMT" skipped="0">
  <testcase classname="TC001_GET_Request" name="getUserDetails" time="2.038"/>
</testsuite> <!-- TC001_GET_Request -->
